src/app/api/config-v2/chat-patch/route.ts(4,33): error TS2307: Cannot find module '@/lib/app-builder-v2/schema/configSchema' or its corresponding type declarations.
src/app/api/config-v2/chat-patch/route.ts(5,35): error TS2307: Cannot find module '@/lib/app-builder-v2/schema/validator' or its corresponding type declarations.
src/app/api/config-v2/validate/route.ts(2,35): error TS2307: Cannot find module '@/lib/app-builder-v2/schema/validator' or its corresponding type declarations.
src/app/dashboard/app-builder-v2/new/page.tsx(4,25): error TS2307: Cannot find module '@/components/app-builder-v2/ConfigPanel' or its corresponding type declarations.
src/app/dashboard/app-builder-v2/new/page.tsx(5,25): error TS2307: Cannot find module '@/components/app-builder-v2/LivePreview' or its corresponding type declarations.
src/app/dashboard/app-builder-v2/new/page.tsx(6,23): error TS2307: Cannot find module '@/components/app-builder-v2/ChatPanel' or its corresponding type declarations.
src/app/dashboard/app-builder-v2/new/page.tsx(7,27): error TS2307: Cannot find module '@/lib/app-builder-v2/schema/configSchema' or its corresponding type declarations.
src/app/dashboard/app-builder-v2/page.tsx(5,24): error TS2307: Cannot find module '@/components/ui/button' or its corresponding type declarations.
src/components/app-builder-v2/ChatPanel.tsx(3,27): error TS2307: Cannot find module '@/lib/app-builder-v2/schema/configSchema' or its corresponding type declarations.
src/components/app-builder-v2/ChatPanel.tsx(5,28): error TS2307: Cannot find module '@/components/ui/scroll-area' or its corresponding type declarations.
src/components/app-builder-v2/ChatPanel.tsx(6,23): error TS2307: Cannot find module '@/components/ui/input' or its corresponding type declarations.
src/components/app-builder-v2/ChatPanel.tsx(7,24): error TS2307: Cannot find module '@/components/ui/button' or its corresponding type declarations.
src/components/app-builder-v2/ConfigPanel.tsx(3,27): error TS2307: Cannot find module '@/lib/app-builder-v2/schema/configSchema' or its corresponding type declarations.
src/components/app-builder-v2/ConfigPanel.tsx(5,28): error TS2307: Cannot find module '@/components/ui/scroll-area' or its corresponding type declarations.
src/components/app-builder-v2/ConfigPanel.tsx(6,58): error TS2307: Cannot find module '@/components/ui/card' or its corresponding type declarations.
src/components/app-builder-v2/ConfigPanel.tsx(7,24): error TS2307: Cannot find module '@/components/ui/switch' or its corresponding type declarations.
src/components/app-builder-v2/ConfigPanel.tsx(8,23): error TS2307: Cannot find module '@/components/ui/input' or its corresponding type declarations.
src/components/app-builder-v2/ConfigPanel.tsx(9,23): error TS2307: Cannot find module '@/components/ui/label' or its corresponding type declarations.
src/components/app-builder-v2/LivePreview.tsx(3,27): error TS2307: Cannot find module '@/lib/app-builder-v2/schema/configSchema' or its corresponding type declarations.
src/lib/app-builder-v2/schema/configSchema.ts(54,47): error TS2769: No overload matches this call.
  Overload 1 of 2, '(def: { menu_enabled: boolean; whatsapp_ordering: boolean; featured_stalls: boolean; }): ZodDefault<ZodObject<{ menu_enabled: ZodDefault<ZodBoolean>; whatsapp_ordering: ZodDefault<ZodBoolean>; featured_stalls: ZodDefault<...>; }, $strip>>', gave the following error.
    Argument of type '{}' is not assignable to parameter of type '{ menu_enabled: boolean; whatsapp_ordering: boolean; featured_stalls: boolean; }'.
      Type '{}' is missing the following properties from type '{ menu_enabled: boolean; whatsapp_ordering: boolean; featured_stalls: boolean; }': menu_enabled, whatsapp_ordering, featured_stalls
  Overload 2 of 2, '(def: () => { menu_enabled: boolean; whatsapp_ordering: boolean; featured_stalls: boolean; }): ZodDefault<ZodObject<{ menu_enabled: ZodDefault<ZodBoolean>; whatsapp_ordering: ZodDefault<...>; featured_stalls: ZodDefault<...>; }, $strip>>', gave the following error.
    Argument of type '{}' is not assignable to parameter of type '() => { menu_enabled: boolean; whatsapp_ordering: boolean; featured_stalls: boolean; }'.
      Type '{}' provides no match for the signature '(): { menu_enabled: boolean; whatsapp_ordering: boolean; featured_stalls: boolean; }'.
src/lib/app-builder-v2/schema/configSchema.ts(55,6): error TS2769: No overload matches this call.
  Overload 1 of 2, '(def: { enabled: boolean; sub_features: { menu_enabled: boolean; whatsapp_ordering: boolean; featured_stalls: boolean; }; }): ZodDefault<ZodObject<{ enabled: ZodDefault<ZodBoolean>; sub_features: ZodDefault<...>; }, $strip>>', gave the following error.
    Argument of type '{ enabled: false; }' is not assignable to parameter of type '{ enabled: boolean; sub_features: { menu_enabled: boolean; whatsapp_ordering: boolean; featured_stalls: boolean; }; }'.
      Property 'sub_features' is missing in type '{ enabled: false; }' but required in type '{ enabled: boolean; sub_features: { menu_enabled: boolean; whatsapp_ordering: boolean; featured_stalls: boolean; }; }'.
  Overload 2 of 2, '(def: () => { enabled: boolean; sub_features: { menu_enabled: boolean; whatsapp_ordering: boolean; featured_stalls: boolean; }; }): ZodDefault<ZodObject<{ enabled: ZodDefault<ZodBoolean>; sub_features: ZodDefault<...>; }, $strip>>', gave the following error.
    Object literal may only specify known properties, and 'enabled' does not exist in type '() => { enabled: boolean; sub_features: { menu_enabled: boolean; whatsapp_ordering: boolean; featured_stalls: boolean; }; }'.
src/lib/app-builder-v2/schema/configSchema.ts(65,53): error TS2769: No overload matches this call.
  Overload 1 of 2, '(def: { swipeable_cards: boolean; links_enabled: boolean; }): ZodDefault<ZodObject<{ swipeable_cards: ZodDefault<ZodBoolean>; links_enabled: ZodDefault<ZodBoolean>; }, $strip>>', gave the following error.
    Argument of type '{}' is not assignable to parameter of type '{ swipeable_cards: boolean; links_enabled: boolean; }'.
      Type '{}' is missing the following properties from type '{ swipeable_cards: boolean; links_enabled: boolean; }': swipeable_cards, links_enabled
  Overload 2 of 2, '(def: () => { swipeable_cards: boolean; links_enabled: boolean; }): ZodDefault<ZodObject<{ swipeable_cards: ZodDefault<ZodBoolean>; links_enabled: ZodDefault<ZodBoolean>; }, $strip>>', gave the following error.
    Argument of type '{}' is not assignable to parameter of type '() => { swipeable_cards: boolean; links_enabled: boolean; }'.
      Type '{}' provides no match for the signature '(): { swipeable_cards: boolean; links_enabled: boolean; }'.
src/lib/app-builder-v2/schema/configSchema.ts(66,6): error TS2769: No overload matches this call.
  Overload 1 of 2, '(def: { enabled: boolean; sub_features: { swipeable_cards: boolean; links_enabled: boolean; }; }): ZodDefault<ZodObject<{ enabled: ZodDefault<ZodBoolean>; sub_features: ZodDefault<ZodObject<{ swipeable_cards: ZodDefault<...>; links_enabled: ZodDefault<...>; }, $strip>>; }, $strip>>', gave the following error.
    Argument of type '{ enabled: false; }' is not assignable to parameter of type '{ enabled: boolean; sub_features: { swipeable_cards: boolean; links_enabled: boolean; }; }'.
      Property 'sub_features' is missing in type '{ enabled: false; }' but required in type '{ enabled: boolean; sub_features: { swipeable_cards: boolean; links_enabled: boolean; }; }'.
  Overload 2 of 2, '(def: () => { enabled: boolean; sub_features: { swipeable_cards: boolean; links_enabled: boolean; }; }): ZodDefault<ZodObject<{ enabled: ZodDefault<ZodBoolean>; sub_features: ZodDefault<ZodObject<...>>; }, $strip>>', gave the following error.
    Object literal may only specify known properties, and 'enabled' does not exist in type '() => { enabled: boolean; sub_features: { swipeable_cards: boolean; links_enabled: boolean; }; }'.
src/lib/app-builder-v2/schema/configSchema.ts(74,30): error TS2769: No overload matches this call.
  Overload 1 of 2, '(def: { primary_color: string; secondary_color: string; font_family: "Inter" | "Roboto" | "Outfit" | "Space Grotesk"; dark_mode_enabled: boolean; }): ZodDefault<ZodObject<{ primary_color: ZodDefault<ZodString>; secondary_color: ZodDefault<...>; font_family: ZodDefault<...>; dark_mode_enabled: ZodDefault<...>; }, $strip>>', gave the following error.
    Argument of type '{}' is not assignable to parameter of type '{ primary_color: string; secondary_color: string; font_family: "Inter" | "Roboto" | "Outfit" | "Space Grotesk"; dark_mode_enabled: boolean; }'.
      Type '{}' is missing the following properties from type '{ primary_color: string; secondary_color: string; font_family: "Inter" | "Roboto" | "Outfit" | "Space Grotesk"; dark_mode_enabled: boolean; }': primary_color, secondary_color, font_family, dark_mode_enabled
  Overload 2 of 2, '(def: () => { primary_color: string; secondary_color: string; font_family: "Inter" | "Roboto" | "Outfit" | "Space Grotesk"; dark_mode_enabled: boolean; }): ZodDefault<ZodObject<{ primary_color: ZodDefault<ZodString>; secondary_color: ZodDefault<...>; font_family: ZodDefault<...>; dark_mode_enabled: ZodDefault<...>; }, $strip>>', gave the following error.
    Argument of type '{}' is not assignable to parameter of type '() => { primary_color: string; secondary_color: string; font_family: "Inter" | "Roboto" | "Outfit" | "Space Grotesk"; dark_mode_enabled: boolean; }'.
      Type '{}' provides no match for the signature '(): { primary_color: string; secondary_color: string; font_family: "Inter" | "Roboto" | "Outfit" | "Space Grotesk"; dark_mode_enabled: boolean; }'.
src/lib/app-builder-v2/schema/configSchema.ts(75,34): error TS2769: No overload matches this call.
  Overload 1 of 2, '(def: { registration: boolean; commerce: { enabled: boolean; sub_features: { menu_enabled: boolean; whatsapp_ordering: boolean; featured_stalls: boolean; }; }; announcements: boolean; live_scores: boolean; ... 5 more ...; speakers: { ...; }; }): ZodDefault<...>', gave the following error.
    Argument of type '{}' is not assignable to parameter of type '{ registration: boolean; commerce: { enabled: boolean; sub_features: { menu_enabled: boolean; whatsapp_ordering: boolean; featured_stalls: boolean; }; }; announcements: boolean; live_scores: boolean; ... 5 more ...; speakers: { ...; }; }'.
      Type '{}' is missing the following properties from type '{ registration: boolean; commerce: { enabled: boolean; sub_features: { menu_enabled: boolean; whatsapp_ordering: boolean; featured_stalls: boolean; }; }; announcements: boolean; live_scores: boolean; ... 5 more ...; speakers: { ...; }; }': registration, commerce, announcements, live_scores, and 6 more.
  Overload 2 of 2, '(def: () => { registration: boolean; commerce: { enabled: boolean; sub_features: { menu_enabled: boolean; whatsapp_ordering: boolean; featured_stalls: boolean; }; }; announcements: boolean; live_scores: boolean; ... 5 more ...; speakers: { ...; }; }): ZodDefault<...>', gave the following error.
    Argument of type '{}' is not assignable to parameter of type '() => { registration: boolean; commerce: { enabled: boolean; sub_features: { menu_enabled: boolean; whatsapp_ordering: boolean; featured_stalls: boolean; }; }; announcements: boolean; live_scores: boolean; ... 5 more ...; speakers: { ...; }; }'.
      Type '{}' provides no match for the signature '(): { registration: boolean; commerce: { enabled: boolean; sub_features: { menu_enabled: boolean; whatsapp_ordering: boolean; featured_stalls: boolean; }; }; announcements: boolean; live_scores: boolean; ... 5 more ...; speakers: { ...; }; }'.
src/lib/app-builder-v2/schema/configSchema.ts(76,44): error TS2769: No overload matches this call.
  Overload 1 of 2, '(def: { enabled: boolean; slots: { id: string; placement: "home_banner" | "stalls_inline" | "leaderboard_top" | "notifications"; type: "banner" | "logo" | "text"; priority: "low" | "medium" | "high"; sponsor_name?: string; image_url?: string; target_url?: string; }[]; }): ZodDefault<...>', gave the following error.
    Argument of type '{}' is not assignable to parameter of type '{ enabled: boolean; slots: { id: string; placement: "home_banner" | "stalls_inline" | "leaderboard_top" | "notifications"; type: "banner" | "logo" | "text"; priority: "low" | "medium" | "high"; sponsor_name?: string; image_url?: string; target_url?: string; }[]; }'.
      Type '{}' is missing the following properties from type '{ enabled: boolean; slots: { id: string; placement: "home_banner" | "stalls_inline" | "leaderboard_top" | "notifications"; type: "banner" | "logo" | "text"; priority: "low" | "medium" | "high"; sponsor_name?: string; image_url?: string; target_url?: string; }[]; }': enabled, slots
  Overload 2 of 2, '(def: () => { enabled: boolean; slots: { id: string; placement: "home_banner" | "stalls_inline" | "leaderboard_top" | "notifications"; type: "banner" | "logo" | "text"; priority: "low" | "medium" | "high"; sponsor_name?: string; image_url?: string; target_url?: string; }[]; }): ZodDefault<...>', gave the following error.
    Argument of type '{}' is not assignable to parameter of type '() => { enabled: boolean; slots: { id: string; placement: "home_banner" | "stalls_inline" | "leaderboard_top" | "notifications"; type: "banner" | "logo" | "text"; priority: "low" | "medium" | "high"; sponsor_name?: string; image_url?: string; target_url?: string; }[]; }'.
      Type '{}' provides no match for the signature '(): { enabled: boolean; slots: { id: string; placement: "home_banner" | "stalls_inline" | "leaderboard_top" | "notifications"; type: "banner" | "logo" | "text"; priority: "low" | "medium" | "high"; sponsor_name?: string; image_url?: string; target_url?: string; }[]; }'.
